android/build_alt_5/app/intermediates/manifest_merge_blame_file/debug/processDebugMainManifest/manifest-merger-blame-debug-report.txt
1<?xml version="1.0" encoding="utf-8"?>
2<manifest xmlns:android="http://schemas.android.com/apk/res/android"
3    package="com.juanesj2.lovewidget"
4    android:versionCode="1"
5    android:versionName="1.0" >
6
7    <uses-sdk
8        android:minSdkVersion="24"
9        android:targetSdkVersion="36" />
10
11    <!-- Permissions -->
12    <uses-permission android:name="android.permission.INTERNET" />
12-->src\main\AndroidManifest.xml:80:5-67
12-->src\main\AndroidManifest.xml:80:22-64
13    <uses-permission android:name="android.permission.ACCESS_COARSE_LOCATION" />
13-->src\main\AndroidManifest.xml:81:5-81
13-->src\main\AndroidManifest.xml:81:22-78
14    <uses-permission android:name="android.permission.ACCESS_FINE_LOCATION" />
14-->src\main\AndroidManifest.xml:82:5-79
14-->src\main\AndroidManifest.xml:82:22-76
15    <uses-permission android:name="android.permission.ACCESS_BACKGROUND_LOCATION" />
15-->src\main\AndroidManifest.xml:83:5-85
15-->src\main\AndroidManifest.xml:83:22-82
16    <uses-permission android:name="android.permission.FOREGROUND_SERVICE" />
16-->src\main\AndroidManifest.xml:84:5-77
16-->src\main\AndroidManifest.xml:84:22-74
17    <uses-permission android:name="android.permission.FOREGROUND_SERVICE_LOCATION" />
17-->src\main\AndroidManifest.xml:85:5-86
17-->src\main\AndroidManifest.xml:85:22-83
18    <uses-permission android:name="android.permission.POST_NOTIFICATIONS" />
18-->src\main\AndroidManifest.xml:86:5-77
18-->src\main\AndroidManifest.xml:86:22-74
19    <uses-permission android:name="android.permission.VIBRATE" />
19-->src\main\AndroidManifest.xml:87:5-66
19-->src\main\AndroidManifest.xml:87:22-63
20
21    <!-- Camera & Storage Permissions -->
22    <uses-permission android:name="android.permission.CAMERA" />
22-->src\main\AndroidManifest.xml:90:5-65
22-->src\main\AndroidManifest.xml:90:22-62
23    <uses-permission android:name="android.permission.READ_EXTERNAL_STORAGE" />
23-->src\main\AndroidManifest.xml:91:5-80
23-->src\main\AndroidManifest.xml:91:22-77
24    <uses-permission android:name="android.permission.WRITE_EXTERNAL_STORAGE" />
24-->src\main\AndroidManifest.xml:92:5-81
24-->src\main\AndroidManifest.xml:92:22-78
25    <uses-permission android:name="android.permission.READ_MEDIA_IMAGES" />
25-->src\main\AndroidManifest.xml:93:5-76
25-->src\main\AndroidManifest.xml:93:22-73
26    <uses-permission android:name="android.permission.RECORD_AUDIO" />
26-->src\main\AndroidManifest.xml:94:5-71
26-->src\main\AndroidManifest.xml:94:22-68
27
28    <uses-feature
28-->src\main\AndroidManifest.xml:95:5-85
29        android:name="android.hardware.camera"
29-->src\main\AndroidManifest.xml:95:19-57
30        android:required="false" />
30-->src\main\AndroidManifest.xml:95:58-82
31    <uses-feature android:name="android.hardware.location.gps" />
31-->[:capacitor-community-background-geolocation] AndroidManifest.xml:21:5-66
31-->[:capacitor-community-background-geolocation] AndroidManifest.xml:21:19-63
32
33    <queries>
33-->[:capacitor-browser] AndroidManifest.xml:7:5-11:15
34        <intent>
34-->[:capacitor-browser] AndroidManifest.xml:8:9-10:18
35            <action android:name="android.support.customtabs.action.CustomTabsService" />
35-->[:capacitor-browser] AndroidManifest.xml:9:13-90
35-->[:capacitor-browser] AndroidManifest.xml:9:21-87
36        </intent>
37        <intent>
37-->[:capacitor-camera] AndroidManifest.xml:8:9-10:18
38            <action android:name="android.media.action.IMAGE_CAPTURE" />
38-->[:capacitor-camera] AndroidManifest.xml:9:13-73
38-->[:capacitor-camera] AndroidManifest.xml:9:21-70
39        </intent>
40        <intent>
40-->[:capacitor-camera] AndroidManifest.xml:11:9-13:18
41            <action android:name="android.intent.action.GET_CONTENT" />
41-->[:capacitor-camera] AndroidManifest.xml:12:13-72
41-->[:capacitor-camera] AndroidManifest.xml:12:21-69
42        </intent>
43        <intent>
43-->[:capacitor-camera] AndroidManifest.xml:14:9-16:18
44            <action android:name="android.intent.action.PICK" />
44-->[:capacitor-camera] AndroidManifest.xml:15:13-65
44-->[:capacitor-camera] AndroidManifest.xml:15:21-62
45        </intent>
46        <intent>
46-->[com.android.billingclient:billing:8.3.0] AndroidManifest.xml:13:9-15:18
47            <action android:name="com.android.vending.billing.InAppBillingService.BIND" />
47-->[com.android.billingclient:billing:8.3.0] AndroidManifest.xml:14:13-91
47-->[com.android.billingclient:billing:8.3.0] AndroidManifest.xml:14:21-88
48        </intent>
49        <intent>
49-->[com.android.billingclient:billing:8.3.0] AndroidManifest.xml:16:9-18:18
50            <action android:name="com.google.android.apps.play.billingtestcompanion.BillingOverrideService.BIND" />
50-->[com.android.billingclient:billing:8.3.0] AndroidManifest.xml:17:13-116
50-->[com.android.billingclient:billing:8.3.0] AndroidManifest.xml:17:21-113
51        </intent>
52    </queries>
53
54    <uses-permission android:name="android.permission.RECEIVE_BOOT_COMPLETED" />
54-->[:capacitor-local-notifications] AndroidManifest.xml:7:5-81
54-->[:capacitor-local-notifications] AndroidManifest.xml:7:22-78
55    <uses-permission android:name="android.permission.WAKE_LOCK" />
55-->[:capacitor-local-notifications] AndroidManifest.xml:8:5-68
55-->[:capacitor-local-notifications] AndroidManifest.xml:8:22-65
56    <uses-permission android:name="android.permission.USE_BIOMETRIC" /> <!-- suppress DeprecatedClassUsageInspection -->
56-->[androidx.biometric:biometric:1.1.0] AndroidManifest.xml:24:5-72
56-->[androidx.biometric:biometric:1.1.0] AndroidManifest.xml:24:22-69
57    <uses-permission android:name="android.permission.USE_FINGERPRINT" />
57-->[androidx.biometric:biometric:1.1.0] AndroidManifest.xml:27:5-74
57-->[androidx.biometric:biometric:1.1.0] AndroidManifest.xml:27:22-71
58    <uses-permission android:name="android.permission.ACCESS_NETWORK_STATE" />
58-->[androidx.work:work-runtime:2.9.0] AndroidManifest.xml:24:5-79
58-->[androidx.work:work-runtime:2.9.0] AndroidManifest.xml:24:22-76
59    <uses-permission android:name="com.android.vending.BILLING" /> <!-- Required by older versions of Google Play services to create IID tokens -->
59-->[com.android.billingclient:billing:8.3.0] AndroidManifest.xml:10:5-67
59-->[com.android.billingclient:billing:8.3.0] AndroidManifest.xml:10:22-64
60    <uses-permission android:name="com.google.android.c2dm.permission.RECEIVE" />
60-->[com.google.firebase:firebase-messaging:25.0.1] AndroidManifest.xml:26:5-82
60-->[com.google.firebase:firebase-messaging:25.0.1] AndroidManifest.xml:26:22-79
61
62    <permission
62-->[androidx.core:core:1.17.0] AndroidManifest.xml:22:5-24:47
63        android:name="com.juanesj2.lovewidget.DYNAMIC_RECEIVER_NOT_EXPORTED_PERMISSION"
63-->[androidx.core:core:1.17.0] AndroidManifest.xml:23:9-81
64        android:protectionLevel="signature" />
64-->[androidx.core:core:1.17.0] AndroidManifest.xml:24:9-44
65
66    <uses-permission android:name="com.juanesj2.lovewidget.DYNAMIC_RECEIVER_NOT_EXPORTED_PERMISSION" />
66-->[androidx.core:core:1.17.0] AndroidManifest.xml:26:5-97
66-->[androidx.core:core:1.17.0] AndroidManifest.xml:26:22-94
67
68    <application
68-->src\main\AndroidManifest.xml:3:5-77:19
69        android:allowBackup="true"
69-->src\main\AndroidManifest.xml:4:9-35
70        android:appComponentFactory="androidx.core.app.CoreComponentFactory"
70-->[androidx.core:core:1.17.0] AndroidManifest.xml:28:18-86
71        android:debuggable="true"
72        android:extractNativeLibs="false"
73        android:icon="@mipmap/ic_launcher"
73-->src\main\AndroidManifest.xml:5:9-43
74        android:label="@string/app_name"
74-->src\main\AndroidManifest.xml:6:9-41
75        android:requestLegacyExternalStorage="true"
75-->[io.ionic.libs:ioncamera-android:1.0.1] AndroidManifest.xml:8:18-61
76        android:roundIcon="@mipmap/ic_launcher_round"
76-->src\main\AndroidManifest.xml:7:9-54
77        android:supportsRtl="true"
77-->src\main\AndroidManifest.xml:8:9-35
78        android:theme="@style/AppTheme" >
78-->src\main\AndroidManifest.xml:9:9-40
79
80        <!-- Default Notification Icon and Color -->
81        <meta-data
81-->src\main\AndroidManifest.xml:11:9-138
82            android:name="com.google.firebase.messaging.default_notification_icon"
82-->src\main\AndroidManifest.xml:11:20-90
83            android:resource="@drawable/ic_notification" />
83-->src\main\AndroidManifest.xml:11:91-135
84        <meta-data
84-->src\main\AndroidManifest.xml:12:9-133
85            android:name="com.google.firebase.messaging.default_notification_color"
85-->src\main\AndroidManifest.xml:12:20-91
86            android:resource="@color/colorPrimary" />
86-->src\main\AndroidManifest.xml:12:92-130
87        <meta-data
87-->src\main\AndroidManifest.xml:13:9-132
88            android:name="com.google.firebase.messaging.default_notification_channel_id"
88-->src\main\AndroidManifest.xml:13:20-96
89            android:value="love_app_channel" />
89-->src\main\AndroidManifest.xml:13:97-129
90
91        <activity
91-->src\main\AndroidManifest.xml:15:9-26:20
92            android:name="com.juanesj2.lovewidget.MainActivity"
92-->src\main\AndroidManifest.xml:17:13-41
93            android:configChanges="orientation|keyboardHidden|keyboard|screenSize|locale|smallestScreenSize|screenLayout|uiMode|navigation|density"
93-->src\main\AndroidManifest.xml:16:13-148
94            android:exported="true"
94-->src\main\AndroidManifest.xml:21:13-36
95            android:label="@string/title_activity_main"
95-->src\main\AndroidManifest.xml:18:13-56
96            android:launchMode="singleTask"
96-->src\main\AndroidManifest.xml:20:13-44
97            android:theme="@style/AppTheme.NoActionBarLaunch" >
97-->src\main\AndroidManifest.xml:19:13-62
98            <intent-filter>
98-->src\main\AndroidManifest.xml:22:13-25:29
99                <action android:name="android.intent.action.MAIN" />
99-->src\main\AndroidManifest.xml:23:17-69
99-->src\main\AndroidManifest.xml:23:25-66
100
101                <category android:name="android.intent.category.LAUNCHER" />
101-->src\main\AndroidManifest.xml:24:17-77
101-->src\main\AndroidManifest.xml:24:27-74
102            </intent-filter>
103        </activity>
104
105        <provider
106            android:name="androidx.core.content.FileProvider"
106-->src\main\AndroidManifest.xml:29:13-62
107            android:authorities="com.juanesj2.lovewidget.fileprovider"
107-->src\main\AndroidManifest.xml:30:13-64
108            android:exported="false"
108-->src\main\AndroidManifest.xml:31:13-37
109            android:grantUriPermissions="true" >
109-->src\main\AndroidManifest.xml:32:13-47
110            <meta-data
110-->src\main\AndroidManifest.xml:33:13-112
111                android:name="android.support.FILE_PROVIDER_PATHS"
111-->src\main\AndroidManifest.xml:33:24-74
112                android:resource="@xml/file_paths" />
112-->src\main\AndroidManifest.xml:33:75-109
113        </provider>
114
115        <receiver
115-->src\main\AndroidManifest.xml:36:9-41:20
116            android:name="com.juanesj2.lovewidget.LoveWidgetProvider"
116-->src\main\AndroidManifest.xml:36:19-53
117            android:exported="true"
117-->src\main\AndroidManifest.xml:36:54-77
118            android:label="@string/widget_love_label" >
118-->src\main\AndroidManifest.xml:36:78-119
119            <intent-filter>
119-->src\main\AndroidManifest.xml:37:13-39:29
120                <action android:name="android.appwidget.action.APPWIDGET_UPDATE" />
120-->src\main\AndroidManifest.xml:38:17-84
120-->src\main\AndroidManifest.xml:38:25-81
121            </intent-filter>
122
123            <meta-data
123-->src\main\AndroidManifest.xml:40:13-104
124                android:name="android.appwidget.provider"
124-->src\main\AndroidManifest.xml:40:24-65
125                android:resource="@xml/widget_info" />
125-->src\main\AndroidManifest.xml:40:66-101
126        </receiver>
127        <receiver
127-->src\main\AndroidManifest.xml:43:9-48:20
128            android:name="com.juanesj2.lovewidget.Counter1x1WidgetProvider"
128-->src\main\AndroidManifest.xml:43:19-59
129            android:exported="true"
129-->src\main\AndroidManifest.xml:43:60-83
130            android:label="@string/widget_counter_1x1_label" >
130-->src\main\AndroidManifest.xml:43:84-132
131            <intent-filter>
131-->src\main\AndroidManifest.xml:37:13-39:29
132                <action android:name="android.appwidget.action.APPWIDGET_UPDATE" />
132-->src\main\AndroidManifest.xml:38:17-84
132-->src\main\AndroidManifest.xml:38:25-81
133            </intent-filter>
134
135            <meta-data
135-->src\main\AndroidManifest.xml:40:13-104
136                android:name="android.appwidget.provider"
136-->src\main\AndroidManifest.xml:40:24-65
137                android:resource="@xml/widget_counter_1x1_info" />
137-->src\main\AndroidManifest.xml:40:66-101
138        </receiver>
139        <receiver
139-->src\main\AndroidManifest.xml:50:9-55:20
140            android:name="com.juanesj2.lovewidget.CounterPhotoWidgetProvider"
140-->src\main\AndroidManifest.xml:50:19-61
141            android:exported="true"
141-->src\main\AndroidManifest.xml:50:62-85
142            android:label="@string/widget_counter_photo_label" >
142-->src\main\AndroidManifest.xml:50:86-136
143            <intent-filter>
143-->src\main\AndroidManifest.xml:37:13-39:29
144                <action android:name="android.appwidget.action.APPWIDGET_UPDATE" />
144-->src\main\AndroidManifest.xml:38:17-84
144-->src\main\AndroidManifest.xml:38:25-81
145            </intent-filter>
146
147            <meta-data
147-->src\main\AndroidManifest.xml:40:13-104
148                android:name="android.appwidget.provider"
148-->src\main\AndroidManifest.xml:40:24-65
149                android:resource="@xml/widget_counter_photo_info" />
149-->src\main\AndroidManifest.xml:40:66-101
150        </receiver>
151        <receiver
151-->src\main\AndroidManifest.xml:57:9-62:20
152            android:name="com.juanesj2.lovewidget.DailyPhotoWidgetProvider"
152-->src\main\AndroidManifest.xml:57:19-59
153            android:exported="true"
153-->src\main\AndroidManifest.xml:57:60-83
154            android:label="@string/widget_daily_photo_label" >
154-->src\main\AndroidManifest.xml:57:84-132
155            <intent-filter>
155-->src\main\AndroidManifest.xml:37:13-39:29
156                <action android:name="android.appwidget.action.APPWIDGET_UPDATE" />
156-->src\main\AndroidManifest.xml:38:17-84
156-->src\main\AndroidManifest.xml:38:25-81
157            </intent-filter>
158
159            <meta-data
159-->src\main\AndroidManifest.xml:40:13-104
160                android:name="android.appwidget.provider"
160-->src\main\AndroidManifest.xml:40:24-65
161                android:resource="@xml/widget_daily_photo_info" />
161-->src\main\AndroidManifest.xml:40:66-101
162        </receiver>
163        <receiver
163-->src\main\AndroidManifest.xml:64:9-70:20
164            android:name="com.juanesj2.lovewidget.PokeWidgetProvider"
164-->src\main\AndroidManifest.xml:64:19-53
165            android:exported="true"
165-->src\main\AndroidManifest.xml:64:54-77
166            android:label="@string/widget_poke_label" >
166-->src\main\AndroidManifest.xml:64:78-119
167            <intent-filter>
167-->src\main\AndroidManifest.xml:65:13-68:29
168                <action android:name="android.appwidget.action.APPWIDGET_UPDATE" />
168-->src\main\AndroidManifest.xml:38:17-84
168-->src\main\AndroidManifest.xml:38:25-81
169                <action android:name="com.juanesj2.lovewidget.ACTION_POKE" />
169-->src\main\AndroidManifest.xml:67:17-78
169-->src\main\AndroidManifest.xml:67:25-75
170            </intent-filter>
171
172            <meta-data
172-->src\main\AndroidManifest.xml:40:13-104
173                android:name="android.appwidget.provider"
173-->src\main\AndroidManifest.xml:40:24-65
174                android:resource="@xml/widget_poke_info" />
174-->src\main\AndroidManifest.xml:40:66-101
175        </receiver>
176
177        <!-- Background Geolocation Service -->
178        <service
178-->src\main\AndroidManifest.xml:73:9-76:56
179            android:name="com.equimaps.capacitor_background_geolocation.BackgroundGeolocationService"
179-->src\main\AndroidManifest.xml:74:13-102
180            android:enabled="true"
180-->[:capacitor-community-background-geolocation] AndroidManifest.xml:26:13-35
181            android:exported="true"
181-->src\main\AndroidManifest.xml:75:13-36
182            android:foregroundServiceType="location|location" />
182-->src\main\AndroidManifest.xml:76:13-53
183
184        <activity
184-->[:capacitor-browser] AndroidManifest.xml:14:9-18:75
185            android:name="com.capacitorjs.plugins.browser.BrowserControllerActivity"
185-->[:capacitor-browser] AndroidManifest.xml:15:13-85
186            android:exported="false"
186-->[:capacitor-browser] AndroidManifest.xml:16:13-37
187            android:launchMode="singleTask"
187-->[:capacitor-browser] AndroidManifest.xml:17:13-44
188            android:theme="@android:style/Theme.Translucent.NoTitleBar" />
188-->[:capacitor-browser] AndroidManifest.xml:18:13-72
189
190        <receiver android:name="com.capacitorjs.plugins.localnotifications.TimedNotificationPublisher" />
190-->[:capacitor-local-notifications] AndroidManifest.xml:12:9-106
190-->[:capacitor-local-notifications] AndroidManifest.xml:12:19-103
191        <receiver android:name="com.capacitorjs.plugins.localnotifications.NotificationDismissReceiver" />
191-->[:capacitor-local-notifications] AndroidManifest.xml:13:9-107
191-->[:capacitor-local-notifications] AndroidManifest.xml:13:19-104
192        <receiver
192-->[:capacitor-local-notifications] AndroidManifest.xml:14:9-23:20
193            android:name="com.capacitorjs.plugins.localnotifications.LocalNotificationRestoreReceiver"
193-->[:capacitor-local-notifications] AndroidManifest.xml:15:13-103
194            android:directBootAware="true"
194-->[:capacitor-local-notifications] AndroidManifest.xml:16:13-43
195            android:exported="false" >
195-->[:capacitor-local-notifications] AndroidManifest.xml:17:13-37
196            <intent-filter>
196-->[:capacitor-local-notifications] AndroidManifest.xml:18:13-22:29
197                <action android:name="android.intent.action.LOCKED_BOOT_COMPLETED" />
197-->[:capacitor-local-notifications] AndroidManifest.xml:19:17-86
197-->[:capacitor-local-notifications] AndroidManifest.xml:19:25-83
198                <action android:name="android.intent.action.BOOT_COMPLETED" />
198-->[:capacitor-local-notifications] AndroidManifest.xml:20:17-79
198-->[:capacitor-local-notifications] AndroidManifest.xml:20:25-76
199                <action android:name="android.intent.action.QUICKBOOT_POWERON" />
199-->[:capacitor-local-notifications] AndroidManifest.xml:21:17-82
199-->[:capacitor-local-notifications] AndroidManifest.xml:21:25-79
200            </intent-filter>
201        </receiver>
202
203        <service
203-->[:capacitor-push-notifications] AndroidManifest.xml:8:9-14:19
204            android:name="com.capacitorjs.plugins.pushnotifications.MessagingService"
204-->[:capacitor-push-notifications] AndroidManifest.xml:9:13-86
205            android:exported="false" >
205-->[:capacitor-push-notifications] AndroidManifest.xml:10:13-37
206            <intent-filter>
206-->[:capacitor-push-notifications] AndroidManifest.xml:11:13-13:29
207                <action android:name="com.google.firebase.MESSAGING_EVENT" />
207-->[:capacitor-push-notifications] AndroidManifest.xml:12:17-78
207-->[:capacitor-push-notifications] AndroidManifest.xml:12:25-75
208            </intent-filter>
209        </service>
210
211        <activity
211-->[io.ionic.libs:ioncamera-android:1.0.1] AndroidManifest.xml:9:9-11:86
212            android:name="io.ionic.libs.ioncameralib.view.IONCAMRLoadingActivity"
212-->[io.ionic.libs:ioncamera-android:1.0.1] AndroidManifest.xml:10:13-82
213            android:theme="@android:style/Theme.Translucent.NoTitleBar.Fullscreen" />
213-->[io.ionic.libs:ioncamera-android:1.0.1] AndroidManifest.xml:11:13-83
214        <activity
214-->[io.ionic.libs:ioncamera-android:1.0.1] AndroidManifest.xml:12:9-16:36
215            android:name="io.ionic.libs.ioncameralib.view.IONCAMRImageEditorActivity"
215-->[io.ionic.libs:ioncamera-android:1.0.1] AndroidManifest.xml:13:13-86
216            android:enableOnBackInvokedCallback="true"
216-->[io.ionic.libs:ioncamera-android:1.0.1] AndroidManifest.xml:14:13-55
217            android:theme="@android:style/Theme.Black.NoTitleBar" />
217-->[io.ionic.libs:ioncamera-android:1.0.1] AndroidManifest.xml:15:13-66
218        <activity
218-->[io.ionic.libs:ioncamera-android:1.0.1] AndroidManifest.xml:17:9-20:86
219            android:name="io.ionic.libs.ioncameralib.view.IONCAMROpenPhotoPickerActivity"
219-->[io.ionic.libs:ioncamera-android:1.0.1] AndroidManifest.xml:18:13-90
220            android:exported="false"
220-->[io.ionic.libs:ioncamera-android:1.0.1] AndroidManifest.xml:19:13-37
221            android:theme="@android:style/Theme.Translucent.NoTitleBar.Fullscreen" /> <!-- Trigger Google Play services to install the backported photo picker module. -->
221-->[io.ionic.libs:ioncamera-android:1.0.1] AndroidManifest.xml:20:13-83
222        <service
222-->[io.ionic.libs:ioncamera-android:1.0.1] AndroidManifest.xml:22:9-34:19
223            android:name="com.google.android.gms.metadata.ModuleDependencies"
223-->[io.ionic.libs:ioncamera-android:1.0.1] AndroidManifest.xml:23:13-78
224            android:enabled="false"
224-->[io.ionic.libs:ioncamera-android:1.0.1] AndroidManifest.xml:24:13-36
225            android:exported="false" >
225-->[io.ionic.libs:ioncamera-android:1.0.1] AndroidManifest.xml:25:13-37
226            <intent-filter>
226-->[io.ionic.libs:ioncamera-android:1.0.1] AndroidManifest.xml:27:13-29:29
227                <action android:name="com.google.android.gms.metadata.MODULE_DEPENDENCIES" />
227-->[io.ionic.libs:ioncamera-android:1.0.1] AndroidManifest.xml:28:17-94
227-->[io.ionic.libs:ioncamera-android:1.0.1] AndroidManifest.xml:28:25-91
228            </intent-filter>
229
230            <meta-data
230-->[io.ionic.libs:ioncamera-android:1.0.1] AndroidManifest.xml:31:13-33:36
231                android:name="photopicker_activity:0:required"
231-->[io.ionic.libs:ioncamera-android:1.0.1] AndroidManifest.xml:32:17-63
232                android:value="" />
232-->[io.ionic.libs:ioncamera-android:1.0.1] AndroidManifest.xml:33:17-33
233        </service>
234
235        <provider
235-->[io.ionic.libs:ioncamera-android:1.0.1] AndroidManifest.xml:36:9-44:20
236            android:name="io.ionic.libs.ioncameralib.IONCAMRFileProvider"
236-->[io.ionic.libs:ioncamera-android:1.0.1] AndroidManifest.xml:37:13-74
237            android:authorities="com.juanesj2.lovewidget.camera.provider"
237-->[io.ionic.libs:ioncamera-android:1.0.1] AndroidManifest.xml:38:13-67
238            android:exported="false"
238-->[io.ionic.libs:ioncamera-android:1.0.1] AndroidManifest.xml:39:13-37
239            android:grantUriPermissions="true" >
239-->[io.ionic.libs:ioncamera-android:1.0.1] AndroidManifest.xml:40:13-47
240            <meta-data
240-->src\main\AndroidManifest.xml:33:13-112
241                android:name="android.support.FILE_PROVIDER_PATHS"
241-->src\main\AndroidManifest.xml:33:24-74
242                android:resource="@xml/ioncamera_paths" />
242-->src\main\AndroidManifest.xml:33:75-109
243        </provider>
244
245        <service
245-->[androidx.credentials:credentials-play-services-auth:1.5.0] AndroidManifest.xml:24:9-32:19
246            android:name="androidx.credentials.playservices.CredentialProviderMetadataHolder"
246-->[androidx.credentials:credentials-play-services-auth:1.5.0] AndroidManifest.xml:25:13-94
247            android:enabled="true"
247-->[androidx.credentials:credentials-play-services-auth:1.5.0] AndroidManifest.xml:26:13-35
248            android:exported="false" >
248-->[androidx.credentials:credentials-play-services-auth:1.5.0] AndroidManifest.xml:27:13-37
249            <meta-data
249-->[androidx.credentials:credentials-play-services-auth:1.5.0] AndroidManifest.xml:29:13-31:104
250                android:name="androidx.credentials.CREDENTIAL_PROVIDER_KEY"
250-->[androidx.credentials:credentials-play-services-auth:1.5.0] AndroidManifest.xml:30:17-76
251                android:value="androidx.credentials.playservices.CredentialProviderPlayServicesImpl" />
251-->[androidx.credentials:credentials-play-services-auth:1.5.0] AndroidManifest.xml:31:17-101
252        </service>
253
254        <activity
254-->[androidx.credentials:credentials-play-services-auth:1.5.0] AndroidManifest.xml:34:9-41:20
255            android:name="androidx.credentials.playservices.HiddenActivity"
255-->[androidx.credentials:credentials-play-services-auth:1.5.0] AndroidManifest.xml:35:13-76
256            android:configChanges="orientation|screenSize|screenLayout|keyboardHidden"
256-->[androidx.credentials:credentials-play-services-auth:1.5.0] AndroidManifest.xml:36:13-87
257            android:enabled="true"
257-->[androidx.credentials:credentials-play-services-auth:1.5.0] AndroidManifest.xml:37:13-35
258            android:exported="false"
258-->[androidx.credentials:credentials-play-services-auth:1.5.0] AndroidManifest.xml:38:13-37
259            android:fitsSystemWindows="true"
259-->[androidx.credentials:credentials-play-services-auth:1.5.0] AndroidManifest.xml:39:13-45
260            android:theme="@style/Theme.Hidden" >
260-->[androidx.credentials:credentials-play-services-auth:1.5.0] AndroidManifest.xml:40:13-48
261        </activity>
262        <activity
262-->[androidx.credentials:credentials-play-services-auth:1.5.0] AndroidManifest.xml:42:9-49:20
263            android:name="androidx.credentials.playservices.IdentityCredentialApiHiddenActivity"
263-->[androidx.credentials:credentials-play-services-auth:1.5.0] AndroidManifest.xml:43:13-97
264            android:configChanges="orientation|screenSize|screenLayout|keyboardHidden"
264-->[androidx.credentials:credentials-play-services-auth:1.5.0] AndroidManifest.xml:44:13-87
265            android:enabled="true"
265-->[androidx.credentials:credentials-play-services-auth:1.5.0] AndroidManifest.xml:45:13-35
266            android:exported="false"
266-->[androidx.credentials:credentials-play-services-auth:1.5.0] AndroidManifest.xml:46:13-37
267            android:fitsSystemWindows="true"
267-->[androidx.credentials:credentials-play-services-auth:1.5.0] AndroidManifest.xml:47:13-45
268            android:theme="@style/Theme.Hidden" >
268-->[androidx.credentials:credentials-play-services-auth:1.5.0] AndroidManifest.xml:48:13-48
269        </activity>
270
271        <provider
271-->[androidx.work:work-runtime:2.9.0] AndroidManifest.xml:29:9-37:20
272            android:name="androidx.startup.InitializationProvider"
272-->[androidx.work:work-runtime:2.9.0] AndroidManifest.xml:30:13-67
273            android:authorities="com.juanesj2.lovewidget.androidx-startup"
273-->[androidx.work:work-runtime:2.9.0] AndroidManifest.xml:31:13-68
274            android:exported="false" >
274-->[androidx.work:work-runtime:2.9.0] AndroidManifest.xml:32:13-37
275            <meta-data
275-->[androidx.work:work-runtime:2.9.0] AndroidManifest.xml:34:13-36:52
276                android:name="androidx.work.WorkManagerInitializer"
276-->[androidx.work:work-runtime:2.9.0] AndroidManifest.xml:35:17-68
277                android:value="androidx.startup" />
277-->[androidx.work:work-runtime:2.9.0] AndroidManifest.xml:36:17-49
278            <meta-data
278-->[androidx.emoji2:emoji2:1.3.0] AndroidManifest.xml:29:13-31:52
279                android:name="androidx.emoji2.text.EmojiCompatInitializer"
279-->[androidx.emoji2:emoji2:1.3.0] AndroidManifest.xml:30:17-75
280                android:value="androidx.startup" />
280-->[androidx.emoji2:emoji2:1.3.0] AndroidManifest.xml:31:17-49
281            <meta-data
281-->[androidx.lifecycle:lifecycle-process:2.6.2] AndroidManifest.xml:29:13-31:52
282                android:name="androidx.lifecycle.ProcessLifecycleInitializer"
282-->[androidx.lifecycle:lifecycle-process:2.6.2] AndroidManifest.xml:30:17-78
283                android:value="androidx.startup" />
283-->[androidx.lifecycle:lifecycle-process:2.6.2] AndroidManifest.xml:31:17-49
284            <meta-data
284-->[androidx.profileinstaller:profileinstaller:1.4.0] AndroidManifest.xml:29:13-31:52
285                android:name="androidx.profileinstaller.ProfileInstallerInitializer"
285-->[androidx.profileinstaller:profileinstaller:1.4.0] AndroidManifest.xml:30:17-85
286                android:value="androidx.startup" />
286-->[androidx.profileinstaller:profileinstaller:1.4.0] AndroidManifest.xml:31:17-49
287        </provider>
288
289        <service
289-->[androidx.work:work-runtime:2.9.0] AndroidManifest.xml:39:9-45:35
290            android:name="androidx.work.impl.background.systemalarm.SystemAlarmService"
290-->[androidx.work:work-runtime:2.9.0] AndroidManifest.xml:40:13-88
291            android:directBootAware="false"
291-->[androidx.work:work-runtime:2.9.0] AndroidManifest.xml:41:13-44
292            android:enabled="@bool/enable_system_alarm_service_default"
292-->[androidx.work:work-runtime:2.9.0] AndroidManifest.xml:42:13-72
293            android:exported="false" />
293-->[androidx.work:work-runtime:2.9.0] AndroidManifest.xml:43:13-37
294        <service
294-->[androidx.work:work-runtime:2.9.0] AndroidManifest.xml:46:9-52:35
295            android:name="androidx.work.impl.background.systemjob.SystemJobService"
295-->[androidx.work:work-runtime:2.9.0] AndroidManifest.xml:47:13-84
296            android:directBootAware="false"
296-->[androidx.work:work-runtime:2.9.0] AndroidManifest.xml:48:13-44
297            android:enabled="@bool/enable_system_job_service_default"